c:\users\d\source\repos\openglproject\openglproject\x64\debug\vc143.pdb
c:\users\d\source\repos\openglproject\openglproject\x64\debug\vc143.idb
c:\users\d\source\repos\openglproject\openglproject\x64\debug\transform.obj
c:\users\d\source\repos\openglproject\openglproject\x64\debug\siegetank.obj
c:\users\d\source\repos\openglproject\openglproject\x64\debug\shader.obj
c:\users\d\source\repos\openglproject\openglproject\x64\debug\model.obj
c:\users\d\source\repos\openglproject\openglproject\x64\debug\mesh.obj
c:\users\d\source\repos\openglproject\openglproject\x64\debug\main.obj
c:\users\d\source\repos\openglproject\openglproject\x64\debug\camera.obj
c:\users\d\source\repos\openglproject\openglproject\x64\debug\animation.obj
c:\users\d\source\repos\openglproject\openglproject\x64\debug\actor.obj
c:\users\d\source\repos\openglproject\openglproject\x64\debug\glad.obj
c:\users\d\source\repos\openglproject\openglproject\x64\debug\openglproject.ilk
c:\users\d\source\repos\openglproject\x64\debug\openglproject.exe
c:\users\d\source\repos\openglproject\x64\debug\openglproject.pdb
c:\users\d\source\repos\openglproject\openglproject\x64\debug\openglproject.tlog\cl.command.1.tlog
c:\users\d\source\repos\openglproject\openglproject\x64\debug\openglproject.tlog\cl.read.1.tlog
c:\users\d\source\repos\openglproject\openglproject\x64\debug\openglproject.tlog\cl.write.1.tlog
c:\users\d\source\repos\openglproject\openglproject\x64\debug\openglproject.tlog\link.command.1.tlog
c:\users\d\source\repos\openglproject\openglproject\x64\debug\openglproject.tlog\link.read.1.tlog
c:\users\d\source\repos\openglproject\openglproject\x64\debug\openglproject.tlog\link.write.1.tlog
